Build started 2017/4/13 1:24:49.
     1>Project "C:\Users\owner\Documents\Visual Studio 2012\Projects\ClearUsingPointers\ClearUsingPointers\ClearUsingPointers.vcxproj" on node 2 (Build target(s)).
     1>ClCompile:
         C:\Program Files (x86)\Microsoft Visual Studio 11.0\VC\bin\CL.exe /c /ZI /nologo /W3 /WX- /sdl /Od /Oy- /D WIN32 /D _DEBUG /D _CONSOLE /D _UNICODE /D UNICODE /Gm /EHsc /RTC1 /MDd /GS /fp:precise /Zc:wchar_t /Zc:forScope /Yu"stdafx.h" /Fp"Debug\ClearUsingPointers.pch" /FA /Fa"Debug\\" /Fo"Debug\\" /Fd"Debug\vc110.pdb" /Gd /TP /analyze- /errorReport:prompt main.cpp
         main.cpp
     1>c:\users\owner\documents\visual studio 2012\projects\clearusingpointers\clearusingpointers\main.cpp(2): warning C4627: '#include <windows.h>': skipped when looking for precompiled header use
                 Add directive to 'stdafx.h' or rebuild precompiled header
     1>c:\users\owner\documents\visual studio 2012\projects\clearusingpointers\clearusingpointers\main.cpp(3): warning C4627: '#include <iostream>': skipped when looking for precompiled header use
                 Add directive to 'stdafx.h' or rebuild precompiled header
     1>c:\users\owner\documents\visual studio 2012\projects\clearusingpointers\clearusingpointers\main.cpp(57): fatal error C1010: unexpected end of file while looking for precompiled header. Did you forget to add '#include "stdafx.h"' to your source?
     1>Done Building Project "C:\Users\owner\Documents\Visual Studio 2012\Projects\ClearUsingPointers\ClearUsingPointers\ClearUsingPointers.vcxproj" (Build target(s)) -- FAILED.

Build FAILED.

Time Elapsed 00:00:02.70
