Build started 2017/4/12 19:10:50.
     1>Project "C:\Users\owner\Documents\Visual Studio 2012\Projects\ClearUsingIndex\ClearUsingIndex\ClearUsingIndex.vcxproj" on node 2 (Build target(s)).
     1>ClCompile:
         C:\Program Files (x86)\Microsoft Visual Studio 11.0\VC\bin\CL.exe /c /ZI /nologo /W3 /WX- /sdl /Od /Oy- /D WIN32 /D _DEBUG /D _CONSOLE /D _UNICODE /D UNICODE /Gm /EHsc /RTC1 /MDd /GS /fp:precise /Zc:wchar_t /Zc:forScope /Yu"stdafx.h" /Fp"Debug\ClearUsingIndex.pch" /FA /Fa"Debug\\" /Fo"Debug\\" /Fd"Debug\vc110.pdb" /Gd /TP /analyze- /errorReport:prompt ..\Index.cpp ClearUsingIndex.cpp
         ClearUsingIndex.cpp
     1>c:\users\owner\documents\visual studio 2012\projects\clearusingindex\clearusingindex\clearusingindex.cpp(2): error C2146: syntax error : missing ';' before identifier 'Array'
     1>c:\users\owner\documents\visual studio 2012\projects\clearusingindex\clearusingindex\clearusingindex.cpp(2): error C2182: 'ClearUsingIndex（int' : illegal use of type 'void'
     1>c:\users\owner\documents\visual studio 2012\projects\clearusingindex\clearusingindex\clearusingindex.cpp(2): error C4430: missing type specifier - int assumed. Note: C++ does not support default-int
     1>c:\users\owner\documents\visual studio 2012\projects\clearusingindex\clearusingindex\clearusingindex.cpp(2): error C2062: type 'int' unexpected
     1>c:\users\owner\documents\visual studio 2012\projects\clearusingindex\clearusingindex\clearusingindex.cpp(2): error C2059: syntax error : ')'
     1>c:\users\owner\documents\visual studio 2012\projects\clearusingindex\clearusingindex\clearusingindex.cpp(2): error C2143: syntax error : missing ';' before '{'
     1>c:\users\owner\documents\visual studio 2012\projects\clearusingindex\clearusingindex\clearusingindex.cpp(2): error C2447: '{' : missing function header (old-style formal list?)
         Index.cpp
     1>c:\users\owner\documents\visual studio 2012\projects\clearusingindex\index.cpp(6): fatal error C1010: unexpected end of file while looking for precompiled header. Did you forget to add '#include "stdafx.h"' to your source?
         Generating Code...
     1>Done Building Project "C:\Users\owner\Documents\Visual Studio 2012\Projects\ClearUsingIndex\ClearUsingIndex\ClearUsingIndex.vcxproj" (Build target(s)) -- FAILED.

Build FAILED.

Time Elapsed 00:00:22.39
